<?xml version="1.0" encoding="UTF-8"?>
<testsuite xmlns:xsi="http://www.w3.org/2001/XMLSchema-instance" xsi:noNamespaceSchemaLocation="https://maven.apache.org/surefire/maven-surefire-plugin/xsd/surefire-test-report-3.0.xsd" version="3.0" name="com.expedienteclinico.expedienteclinico.ExpedienteclinicoApplicationTests" time="9.903" tests="1" errors="0" skipped="0" failures="0">
  <properties>
[...]
</properties>
  <testcase name="contextLoads" classname="com.expedienteclinico.expedienteclinico.ExpedienteclinicoApplicationTests" time="0.363">
    <system-out><![CDATA[14:13:26.532 [main] INFO org.springframework.test.context.support.AnnotationConfigContextLoaderUtils -- Could not detect default configuration classes for test class [com.expedienteclinico.expedienteclinico.ExpedienteclinicoApplicationTests]: ExpedienteclinicoApplicationTests does not declare any static, non-private, non-final, nested classes annotated with @Configuration.
14:13:26.662 [main] INFO org.springframework.boot.test.context.SpringBootTestContextBootstrapper -- Found @SpringBootConfiguration com.expedienteclinico.expedienteclinico.ExpedienteclinicoApplication for test class com.expedienteclinico.expedienteclinico.ExpedienteclinicoApplicationTests
14:13:26.831 [main] INFO org.springframework.boot.devtools.restart.RestartApplicationListener -- Restart disabled due to context in which it is running

  .   ____          _            __ _ _
 /\\ / ___'_ __ _ _(_)_ __  __ _ \ \ \ \
( ( )\___ | '_ | '_| | '_ \/ _` | \ \ \ \
 \\/  ___)| |_)| | | | | || (_| |  ) ) ) )
  '  |____| .__|_| |_|_| |_\__, | / / / /
 =========|_|==============|___/=/_/_/_/

 :: Spring Boot ::                (v4.0.0)

2026-03-08T14:13:27.128-05:00  INFO 29516 --- [expedienteclinico] [           main] c.e.e.ExpedienteclinicoApplicationTests  : Starting ExpedienteclinicoApplicationTests using Java 21.0.7 with PID 29516 (started by rober in C:\Users\rober\OneDrive\Documentos\SCHOOL STUFF\JAVA WORKSPACES\expedienteclinico)
2026-03-08T14:13:27.131-05:00  INFO 29516 --- [expedienteclinico] [           main] c.e.e.ExpedienteclinicoApplicationTests  : No active profile set, falling back to 1 default profile: "default"
2026-03-08T14:13:27.944-05:00  INFO 29516 --- [expedienteclinico] [           main] .s.d.r.c.RepositoryConfigurationDelegate : Multiple Spring Data modules found, entering strict repository configuration mode
2026-03-08T14:13:27.944-05:00  INFO 29516 --- [expedienteclinico] [           main] .s.d.r.c.RepositoryConfigurationDelegate : Bootstrapping Spring Data JDBC repositories in DEFAULT mode.
2026-03-08T14:13:27.988-05:00  INFO 29516 --- [expedienteclinico] [           main] .RepositoryConfigurationExtensionSupport : Spring Data JDBC - Could not safely identify store assignment for repository candidate interface com.expedienteclinico.expedienteclinico.repositories.almacen.ICategoryRepository; If you want this repository to be a JDBC repository, consider annotating your entities with one of these annotations: org.springframework.data.relational.core.mapping.Table.
2026-03-08T14:13:27.988-05:00  INFO 29516 --- [expedienteclinico] [           main] .RepositoryConfigurationExtensionSupport : Spring Data JDBC - Could not safely identify store assignment for repository candidate interface com.expedienteclinico.expedienteclinico.repositories.appointments.IAppointmentsRepository; If you want this repository to be a JDBC repository, consider annotating your entities with one of these annotations: org.springframework.data.relational.core.mapping.Table.
2026-03-08T14:13:27.991-05:00  INFO 29516 --- [expedienteclinico] [           main] .RepositoryConfigurationExtensionSupport : Spring Data JDBC - Could not safely identify store assignment for repository candidate interface com.expedienteclinico.expedienteclinico.repositories.audit.IAuditLogsRepository; If you want this repository to be a JDBC repository, consider annotating your entities with one of these annotations: org.springframework.data.relational.core.mapping.Table.
2026-03-08T14:13:27.991-05:00  INFO 29516 --- [expedienteclinico] [           main] .RepositoryConfigurationExtensionSupport : Spring Data JDBC - Could not safely identify store assignment for repository candidate interface com.expedienteclinico.expedienteclinico.repositories.lyr.ICleaning_suppliesRepository; If you want this repository to be a JDBC repository, consider annotating your entities with one of these annotations: org.springframework.data.relational.core.mapping.Table.
2026-03-08T14:13:27.991-05:00  INFO 29516 --- [expedienteclinico] [           main] .RepositoryConfigurationExtensionSupport : Spring Data JDBC - Could not safely identify store assignment for repository candidate interface com.expedienteclinico.expedienteclinico.repositories.lyr.ILyR_EmployeesRepository; If you want this repository to be a JDBC repository, consider annotating your entities with one of these annotations: org.springframework.data.relational.core.mapping.Table.
2026-03-08T14:13:27.994-05:00  INFO 29516 --- [expedienteclinico] [           main] .RepositoryConfigurationExtensionSupport : Spring Data JDBC - Could not safely identify store assignment for repository candidate interface com.expedienteclinico.expedienteclinico.repositories.lyr.ITextile_movementsRepository; If you want this repository to be a JDBC repository, consider annotating your entities with one of these annotations: org.springframework.data.relational.core.mapping.Table.
2026-03-08T14:13:27.994-05:00  INFO 29516 --- [expedienteclinico] [           main] .RepositoryConfigurationExtensionSupport : Spring Data JDBC - Could not safely identify store assignment for repository candidate interface com.expedienteclinico.expedienteclinico.repositories.lyr.Supplies_movementsRepository; If you want this repository to be a JDBC repository, consider annotating your entities with one of these annotations: org.springframework.data.relational.core.mapping.Table.
2026-03-08T14:13:27.994-05:00  INFO 29516 --- [expedienteclinico] [           main] .RepositoryConfigurationExtensionSupport : Spring Data JDBC - Could not safely identify store assignment for repository candidate interface com.expedienteclinico.expedienteclinico.repositories.lyr.Textile_articlesRepository; If you want this repository to be a JDBC repository, consider annotating your entities with one of these annotations: org.springframework.data.relational.core.mapping.Table.
2026-03-08T14:13:27.997-05:00  INFO 29516 --- [expedienteclinico] [           main] .RepositoryConfigurationExtensionSupport : Spring Data JDBC - Could not safely identify store assignment for repository candidate interface com.expedienteclinico.expedienteclinico.repositories.morgue.IMorgueRepository; If you want this repository to be a JDBC repository, consider annotating your entities with one of these annotations: org.springframework.data.relational.core.mapping.Table.
2026-03-08T14:13:27.997-05:00  INFO 29516 --- [expedienteclinico] [           main] .RepositoryConfigurationExtensionSupport : Spring Data JDBC - Could not safely identify store assignment for repository candidate interface com.expedienteclinico.expedienteclinico.repositories.Patients.IClinicHistoryRepository; If you want this repository to be a JDBC repository, consider annotating your entities with one of these annotations: org.springframework.data.relational.core.mapping.Table.
2026-03-08T14:13:27.997-05:00  INFO 29516 --- [expedienteclinico] [           main] .RepositoryConfigurationExtensionSupport : Spring Data JDBC - Could not safely identify store assignment for repository candidate interface com.expedienteclinico.expedienteclinico.repositories.Patients.IPatientsAppointmentsRepository; If you want this repository to be a JDBC repository, consider annotating your entities with one of these annotations: org.springframework.data.relational.core.mapping.Table.
2026-03-08T14:13:28.000-05:00  INFO 29516 --- [expedienteclinico] [           main] .RepositoryConfigurationExtensionSupport : Spring Data JDBC - Could not safely identify store assignment for repository candidate interface com.expedienteclinico.expedienteclinico.repositories.Patients.IPatientsRepository; If you want this repository to be a JDBC repository, consider annotating your entities with one of these annotations: org.springframework.data.relational.core.mapping.Table.
2026-03-08T14:13:28.000-05:00  INFO 29516 --- [expedienteclinico] [           main] .RepositoryConfigurationExtensionSupport : Spring Data JDBC - Could not safely identify store assignment for repository candidate interface com.expedienteclinico.expedienteclinico.repositories.Patients.ITriageRepository; If you want this repository to be a JDBC repository, consider annotating your entities with one of these annotations: org.springframework.data.relational.core.mapping.Table.
2026-03-08T14:13:28.000-05:00  INFO 29516 --- [expedienteclinico] [           main] .RepositoryConfigurationExtensionSupport : Spring Data JDBC - Could not safely identify store assignment for repository candidate interface com.expedienteclinico.expedienteclinico.repositories.rpbi.IRpbiClasificationRepository; If you want this repository to be a JDBC repository, consider annotating your entities with one of these annotations: org.springframework.data.relational.core.mapping.Table.
2026-03-08T14:13:28.003-05:00  INFO 29516 --- [expedienteclinico] [           main] .RepositoryConfigurationExtensionSupport : Spring Data JDBC - Could not safely identify store assignment for repository candidate interface com.expedienteclinico.expedienteclinico.repositories.rpbi.IRpbiComplianceMatrixRepository; If you want this repository to be a JDBC repository, consider annotating your entities with one of these annotations: org.springframework.data.relational.core.mapping.Table.
2026-03-08T14:13:28.003-05:00  INFO 29516 --- [expedienteclinico] [           main] .RepositoryConfigurationExtensionSupport : Spring Data JDBC - Could not safely identify store assignment for repository candidate interface com.expedienteclinico.expedienteclinico.repositories.rpbi.IRpbiContainerRepository; If you want this repository to be a JDBC repository, consider annotating your entities with one of these annotations: org.springframework.data.relational.core.mapping.Table.
2026-03-08T14:13:28.003-05:00  INFO 29516 --- [expedienteclinico] [           main] .RepositoryConfigurationExtensionSupport : Spring Data JDBC - Could not safely identify store assignment for repository candidate interface com.expedienteclinico.expedienteclinico.repositories.rpbi.IRpbiGenerationRecordRepository; If you want this repository to be a JDBC repository, consider annotating your entities with one of these annotations: org.springframework.data.relational.core.mapping.Table.
2026-03-08T14:13:28.007-05:00  INFO 29516 --- [expedienteclinico] [           main] .RepositoryConfigurationExtensionSupport : Spring Data JDBC - Could not safely identify store assignment for repository candidate interface com.expedienteclinico.expedienteclinico.repositories.rpbi.IRpbiPhysicalStateRepository; If you want this repository to be a JDBC repository, consider annotating your entities with one of these annotations: org.springframework.data.relational.core.mapping.Table.
2026-03-08T14:13:28.007-05:00  INFO 29516 --- [expedienteclinico] [           main] .RepositoryConfigurationExtensionSupport : Spring Data JDBC - Could not safely identify store assignment for repository candidate interface com.expedienteclinico.expedienteclinico.repositories.rrhh.IClinicDetailsRepository; If you want this repository to be a JDBC repository, consider annotating your entities with one of these annotations: org.springframework.data.relational.core.mapping.Table.
2026-03-08T14:13:28.007-05:00  INFO 29516 --- [expedienteclinico] [           main] .RepositoryConfigurationExtensionSupport : Spring Data JDBC - Could not safely identify store assignment for repository candidate interface com.expedienteclinico.expedienteclinico.repositories.rrhh.IContractsRepository; If you want this repository to be a JDBC repository, consider annotating your entities with one of these annotations: org.springframework.data.relational.core.mapping.Table.
2026-03-08T14:13:28.010-05:00  INFO 29516 --- [expedienteclinico] [           main] .RepositoryConfigurationExtensionSupport : Spring Data JDBC - Could not safely identify store assignment for repository candidate interface com.expedienteclinico.expedienteclinico.repositories.rrhh.IDepartmentsRepository; If you want this repository to be a JDBC repository, consider annotating your entities with one of these annotations: org.springframework.data.relational.core.mapping.Table.
2026-03-08T14:13:28.010-05:00  INFO 29516 --- [expedienteclinico] [           main] .RepositoryConfigurationExtensionSupport : Spring Data JDBC - Could not safely identify store assignment for repository candidate interface com.expedienteclinico.expedienteclinico.repositories.rrhh.IEmployeesRepository; If you want this repository to be a JDBC repository, consider annotating your entities with one of these annotations: org.springframework.data.relational.core.mapping.Table.
2026-03-08T14:13:28.010-05:00  INFO 29516 --- [expedienteclinico] [           main] .RepositoryConfigurationExtensionSupport : Spring Data JDBC - Could not safely identify store assignment for repository candidate interface com.expedienteclinico.expedienteclinico.repositories.rrhh.IPositionsRepository; If you want this repository to be a JDBC repository, consider annotating your entities with one of these annotations: org.springframework.data.relational.core.mapping.Table.
2026-03-08T14:13:28.013-05:00  INFO 29516 --- [expedienteclinico] [           main] .RepositoryConfigurationExtensionSupport : Spring Data JDBC - Could not safely identify store assignment for repository candidate interface com.expedienteclinico.expedienteclinico.repositories.rrhh.ISchedulesRepository; If you want this repository to be a JDBC repository, consider annotating your entities with one of these annotations: org.springframework.data.relational.core.mapping.Table.
2026-03-08T14:13:28.013-05:00  INFO 29516 --- [expedienteclinico] [           main] .RepositoryConfigurationExtensionSupport : Spring Data JDBC - Could not safely identify store assignment for repository candidate interface com.expedienteclinico.expedienteclinico.repositories.system.IStatusRepository; If you want this repository to be a JDBC repository, consider annotating your entities with one of these annotations: org.springframework.data.relational.core.mapping.Table.
2026-03-08T14:13:28.013-05:00  INFO 29516 --- [expedienteclinico] [           main] .RepositoryConfigurationExtensionSupport : Spring Data JDBC - Could not safely identify store assignment for repository candidate interface com.expedienteclinico.expedienteclinico.repositories.system.ISystemRolesRepository; If you want this repository to be a JDBC repository, consider annotating your entities with one of these annotations: org.springframework.data.relational.core.mapping.Table.
2026-03-08T14:13:28.013-05:00  INFO 29516 --- [expedienteclinico] [           main] .RepositoryConfigurationExtensionSupport : Spring Data JDBC - Could not safely identify store assignment for repository candidate interface com.expedienteclinico.expedienteclinico.repositories.system.ISystemUsersRepository; If you want this repository to be a JDBC repository, consider annotating your entities with one of these annotations: org.springframework.data.relational.core.mapping.Table.
2026-03-08T14:13:28.016-05:00  INFO 29516 --- [expedienteclinico] [           main] .s.d.r.c.RepositoryConfigurationDelegate : Finished Spring Data repository scanning in 61 ms. Found 0 JDBC repository interfaces.
2026-03-08T14:13:28.029-05:00  INFO 29516 --- [expedienteclinico] [           main] .s.d.r.c.RepositoryConfigurationDelegate : Multiple Spring Data modules found, entering strict repository configuration mode
2026-03-08T14:13:28.029-05:00  INFO 29516 --- [expedienteclinico] [           main] .s.d.r.c.RepositoryConfigurationDelegate : Bootstrapping Spring Data JPA repositories in DEFAULT mode.
2026-03-08T14:13:28.220-05:00  INFO 29516 --- [expedienteclinico] [           main] .s.d.r.c.RepositoryConfigurationDelegate : Finished Spring Data repository scanning in 185 ms. Found 27 JPA repository interfaces.
2026-03-08T14:13:28.908-05:00  INFO 29516 --- [expedienteclinico] [           main] o.hibernate.jpa.internal.util.LogHelper  : HHH000204: Processing PersistenceUnitInfo [name: default]
2026-03-08T14:13:28.988-05:00  INFO 29516 --- [expedienteclinico] [           main] org.hibernate.Version                    : HHH000412: Hibernate ORM core version 7.1.8.Final
2026-03-08T14:13:29.289-05:00  INFO 29516 --- [expedienteclinico] [           main] o.h.e.boot.internal.EnversServiceImpl    : Envers integration enabled? : true
2026-03-08T14:13:29.505-05:00  INFO 29516 --- [expedienteclinico] [           main] o.s.o.j.p.SpringPersistenceUnitInfo      : No LoadTimeWeaver setup: ignoring JPA class transformer
2026-03-08T14:13:29.543-05:00  INFO 29516 --- [expedienteclinico] [           main] com.zaxxer.hikari.HikariDataSource       : HikariPoolBooks - Starting...
2026-03-08T14:13:30.184-05:00  INFO 29516 --- [expedienteclinico] [           main] com.zaxxer.hikari.pool.HikariPool        : HikariPoolBooks - Added connection ConnectionID:1 ClientConnectionId: 5fdbd98c-f6db-481d-b81d-a18b4c103933
2026-03-08T14:13:30.184-05:00  INFO 29516 --- [expedienteclinico] [           main] com.zaxxer.hikari.HikariDataSource       : HikariPoolBooks - Start completed.
2026-03-08T14:13:30.418-05:00  INFO 29516 --- [expedienteclinico] [           main] org.hibernate.orm.connections.pooling    : HHH10001005: Database info:
	Database JDBC URL [jdbc:sqlserver://localhost:3036;concatNullYieldsNull=ON;quotedIdentifier=ON;connectRetryInterval=10;connectRetryCount=1;maxResultBuffer=-1;sendTemporalDataTypesAsStringForBulkCopy=true;delayLoadingLobs=true;useFmtOnly=false;vectorTypeSupport=v1;cacheBulkCopyMetadata=false;bulkCopyForBatchInsertAllowEncryptedValueModifications=false;bulkCopyForBatchInsertTableLock=false;bulkCopyForBatchInsertKeepNulls=false;bulkCopyForBatchInsertKeepIdentity=false;bulkCopyForBatchInsertFireTriggers=false;bulkCopyForBatchInsertCheckConstraints=false;bulkCopyForBatchInsertBatchSize=0;useBulkCopyForBatchInsert=false;cancelQueryTimeout=-1;sslProtocol=TLS;calcBigDecimalPrecision=false;useDefaultJaasConfig=false;jaasConfigurationName=SQLJDBCDriver;statementPoolingCacheSize=0;serverPreparedStatementDiscardThreshold=10;enablePrepareOnFirstPreparedStatementCall=false;fips=false;socketTimeout=0;authentication=NotSpecified;authenticationScheme=nativeAuthentication;xopenStates=false;datetimeParameterType=datetime2;sendTimeAsDatetime=true;replication=false;trustStoreType=JKS;trustServerCertificate=true;TransparentNetworkIPResolution=true;iPAddressPreference=IPv4First;serverNameAsACE=false;sendStringParametersAsUnicode=true;selectMethod=direct;responseBuffering=adaptive;queryTimeout=-1;packetSize=8000;multiSubnetFailover=false;loginTimeout=30;lockTimeout=-1;lastUpdateCount=true;useDefaultGSSCredential=false;prepareMethod=prepexec;encrypt=true;disableStatementPooling=true;databaseName=TestDatabase;columnEncryptionSetting=Disabled;applicationName=Microsoft JDBC Driver for SQL Server;applicationIntent=readwrite;]
	Database driver: Microsoft JDBC Driver 13.2 for SQL Server
	Database dialect: SQLServerDialect
	Database version: 17.0
	Default catalog/schema: TestDatabase/dbo
	Autocommit mode: undefined/unknown
	Isolation level: READ_COMMITTED [default READ_COMMITTED]
	JDBC fetch size: 128
	Pool: DatasourceConnectionProviderImpl
	Minimum pool size: undefined/unknown
	Maximum pool size: undefined/unknown
2026-03-08T14:13:31.755-05:00  INFO 29516 --- [expedienteclinico] [           main] o.h.e.t.j.p.i.JtaPlatformInitiator       : HHH000489: No JTA platform available (set 'hibernate.transaction.jta.platform' to enable JTA platform integration)
Hibernate: alter table rrhh_positions alter column description VARCHAR(MAX)
2026-03-08T14:13:33.496-05:00  INFO 29516 --- [expedienteclinico] [           main] j.LocalContainerEntityManagerFactoryBean : Initialized JPA EntityManagerFactory for persistence unit 'default'
2026-03-08T14:13:33.640-05:00  INFO 29516 --- [expedienteclinico] [           main] o.s.d.j.r.query.QueryEnhancerFactories   : Hibernate is in classpath; If applicable, HQL parser will be used.
2026-03-08T14:13:34.367-05:00  INFO 29516 --- [expedienteclinico] [           main] eAuthenticationProviderManagerConfigurer : Global AuthenticationManager configured with AuthenticationProvider bean with name authenticationProvider
2026-03-08T14:13:34.367-05:00  WARN 29516 --- [expedienteclinico] [           main] r$InitializeUserDetailsManagerConfigurer : Global AuthenticationManager configured with an AuthenticationProvider bean. UserDetailsService beans will not be used by Spring Security for automatically configuring username/password login. Consider removing the AuthenticationProvider bean. Alternatively, consider using the UserDetailsService in a manually instantiated DaoAuthenticationProvider. If the current configuration is intentional, to turn off this warning, increase the logging level of 'org.springframework.security.config.annotation.authentication.configuration.InitializeUserDetailsBeanManagerConfigurer' to ERROR
2026-03-08T14:13:34.442-05:00  WARN 29516 --- [expedienteclinico] [           main] JpaBaseConfiguration$JpaWebConfiguration : spring.jpa.open-in-view is enabled by default. Therefore, database queries may be performed during view rendering. Explicitly configure spring.jpa.open-in-view to disable this warning
2026-03-08T14:13:35.262-05:00  INFO 29516 --- [expedienteclinico] [           main] .w.s.a.s.AnnotationActionEndpointMapping : Supporting [WS-Addressing August 2004, WS-Addressing 1.0]
2026-03-08T14:13:35.299-05:00  INFO 29516 --- [expedienteclinico] [           main] c.e.e.ExpedienteclinicoApplicationTests  : Started ExpedienteclinicoApplicationTests in 8.483 seconds (process running for 10.181)
Hibernate: select sm1_0.id_status,sm1_0.name,sm1_0.uuid from status sm1_0
Hibernate: select sm1_0.id_status,sm1_0.name,sm1_0.uuid from status sm1_0
Hibernate: select sm1_0.id_status,sm1_0.name,sm1_0.uuid from status sm1_0
Hibernate: select sm1_0.id_status,sm1_0.name,sm1_0.uuid from status sm1_0
Hibernate: select sm1_0.id_status,sm1_0.name,sm1_0.uuid from status sm1_0
>>> Módulo Sistema: Catálogo base de Estatus sembrado con éxito.
Hibernate: select sm1_0.id_status,sm1_0.name,sm1_0.uuid from status sm1_0
Hibernate: select count_big(*) from cleaning_supplies_model cm1_0
Hibernate: select sm1_0.id_status,sm1_0.name,sm1_0.uuid from status sm1_0
Hibernate: select sm1_0.id_status,sm1_0.name,sm1_0.uuid from status sm1_0
Hibernate: select count_big(*) from rpbi_cat_clasification rcm1_0
Hibernate: select sm1_0.id_status,sm1_0.name,sm1_0.uuid from status sm1_0 where sm1_0.id_status=?
Hibernate: select srm1_0.id_role,srm1_0.role_name,srm1_0.status_id,srm1_0.uuid from system_roles srm1_0 where srm1_0.role_name=?
Hibernate: select srm1_0.id_role,srm1_0.role_name,srm1_0.status_id,srm1_0.uuid from system_roles srm1_0 where srm1_0.role_name=?
Hibernate: select srm1_0.id_role,srm1_0.role_name,srm1_0.status_id,srm1_0.uuid from system_roles srm1_0 where srm1_0.role_name=?
Hibernate: select srm1_0.id_role,srm1_0.role_name,srm1_0.status_id,srm1_0.uuid from system_roles srm1_0 where srm1_0.role_name=?
Hibernate: select srm1_0.id_role,srm1_0.role_name,srm1_0.status_id,srm1_0.uuid from system_roles srm1_0 where srm1_0.role_name=?
Hibernate: select srm1_0.id_role,srm1_0.role_name,srm1_0.status_id,srm1_0.uuid from system_roles srm1_0 where srm1_0.role_name=?
Hibernate: select srm1_0.id_role,srm1_0.role_name,srm1_0.status_id,srm1_0.uuid from system_roles srm1_0 where srm1_0.role_name=?
Hibernate: select srm1_0.id_role,srm1_0.role_name,srm1_0.status_id,srm1_0.uuid from system_roles srm1_0 where srm1_0.role_name=?
Hibernate: select srm1_0.id_role,srm1_0.role_name,srm1_0.status_id,srm1_0.uuid from system_roles srm1_0 where srm1_0.role_name=?
Hibernate: select srm1_0.id_role,srm1_0.role_name,srm1_0.status_id,srm1_0.uuid from system_roles srm1_0 where srm1_0.role_name=?
Hibernate: select srm1_0.id_role,srm1_0.role_name,srm1_0.status_id,srm1_0.uuid from system_roles srm1_0 where srm1_0.role_name=?
Hibernate: select sum1_0.id_user,sum1_0.role_id,sum1_0.status_id,sum1_0.user_name,sum1_0.password,sum1_0.uuid from system_users sum1_0 where sum1_0.user_name=?
Hibernate: select sum1_0.id_user,sum1_0.role_id,sum1_0.status_id,sum1_0.user_name,sum1_0.password,sum1_0.uuid from system_users sum1_0 where sum1_0.user_name=?
Hibernate: select sum1_0.id_user,sum1_0.role_id,sum1_0.status_id,sum1_0.user_name,sum1_0.password,sum1_0.uuid from system_users sum1_0 where sum1_0.user_name=?
Hibernate: select sum1_0.id_user,sum1_0.role_id,sum1_0.status_id,sum1_0.user_name,sum1_0.password,sum1_0.uuid from system_users sum1_0 where sum1_0.user_name=?
Hibernate: select sum1_0.id_user,sum1_0.role_id,sum1_0.status_id,sum1_0.user_name,sum1_0.password,sum1_0.uuid from system_users sum1_0 where sum1_0.user_name=?
Hibernate: select sum1_0.id_user,sum1_0.role_id,sum1_0.status_id,sum1_0.user_name,sum1_0.password,sum1_0.uuid from system_users sum1_0 where sum1_0.user_name=?
Hibernate: select sum1_0.id_user,sum1_0.role_id,sum1_0.status_id,sum1_0.user_name,sum1_0.password,sum1_0.uuid from system_users sum1_0 where sum1_0.user_name=?
Hibernate: select sum1_0.id_user,sum1_0.role_id,sum1_0.status_id,sum1_0.user_name,sum1_0.password,sum1_0.uuid from system_users sum1_0 where sum1_0.user_name=?
Hibernate: select sum1_0.id_user,sum1_0.role_id,sum1_0.status_id,sum1_0.user_name,sum1_0.password,sum1_0.uuid from system_users sum1_0 where sum1_0.user_name=?
Hibernate: select sum1_0.id_user,sum1_0.role_id,sum1_0.status_id,sum1_0.user_name,sum1_0.password,sum1_0.uuid from system_users sum1_0 where sum1_0.user_name=?
>>> Módulo Seguridad: Roles y Usuarios de Desarrolladores base sembrados con éxito.
Hibernate: select sm1_0.id_status,sm1_0.name,sm1_0.uuid from status sm1_0 where upper(sm1_0.name)=upper(?)
Hibernate: select sm1_0.id_status,sm1_0.name,sm1_0.uuid from status sm1_0 where upper(sm1_0.name)=upper(?)
Hibernate: select sm1_0.id_status,sm1_0.name,sm1_0.uuid from status sm1_0 where upper(sm1_0.name)=upper(?)
Hibernate: select sm1_0.id_status,sm1_0.name,sm1_0.uuid from status sm1_0 where upper(sm1_0.name)=upper(?)
Hibernate: select sm1_0.id_status,sm1_0.name,sm1_0.uuid from status sm1_0 where upper(sm1_0.name)=upper(?)
Hibernate: select count_big(*) from rrhh_departments dm1_0
Hibernate: select count_big(*) from rrhh_positions pm1_0
---------------------
..:: Initialized ::..
---------------------
]]></system-out>
  </testcase>
</testsuite>