<?xml version="1.0" encoding="UTF-8"?>
<testsuite xmlns:xsi="http://www.w3.org/2001/XMLSchema-instance" xsi:noNamespaceSchemaLocation="https://maven.apache.org/surefire/maven-surefire-plugin/xsd/surefire-test-report-3.0.xsd" version="3.0" name="com.expedienteclinico.expedienteclinico.models.CuentaTest" time="0.03" tests="4" errors="0" skipped="0" failures="0">
  <properties>
[...]
</properties>
  <testcase name="testSaldoCuenta" classname="com.expedienteclinico.expedienteclinico.models.CuentaTest" time="0.006"/>
  <testcase name="hashTwoDynamicDirectoryWhichHaveSameContent(Path, Path)" classname="com.expedienteclinico.expedienteclinico.models.CuentaTest" time="0.019"/>
  <testcase name="testReferenciaDeCuenta" classname="com.expedienteclinico.expedienteclinico.models.CuentaTest" time="0.0"/>
  <testcase name="testNombreCuenta" classname="com.expedienteclinico.expedienteclinico.models.CuentaTest" time="0.0"/>
</testsuite>